<?xml version="1.0" encoding="UTF-8"?>
<testsuite xmlns:xsi="http://www.w3.org/2001/XMLSchema-instance" xsi:noNamespaceSchemaLocation="https://maven.apache.org/surefire/maven-surefire-plugin/xsd/surefire-test-report.xsd" version="3.0.2" name="com.lzj.SupermarketSystemApplicationTests" time="4.155" tests="2" errors="0" skipped="0" failures="0">
  <properties>
[...]
</properties>
  <testcase name="testGoodstypeMapper" classname="com.lzj.SupermarketSystemApplicationTests" time="0.843">
    <system-out><![CDATA[11:06:42.614 [main] INFO org.springframework.test.context.support.AnnotationConfigContextLoaderUtils -- Could not detect default configuration classes for test class [com.lzj.SupermarketSystemApplicationTests]: SupermarketSystemApplicationTests does not declare any static, non-private, non-final, nested classes annotated with @Configuration.
11:06:42.720 [main] INFO org.springframework.boot.test.context.SpringBootTestContextBootstrapper -- Found @SpringBootConfiguration com.lzj.SupermarketSystemApplication for test class com.lzj.SupermarketSystemApplicationTests

  .   ____          _            __ _ _
 /\\ / ___'_ __ _ _(_)_ __  __ _ \ \ \ \
( ( )\___ | '_ | '_| | '_ \/ _` | \ \ \ \
 \\/  ___)| |_)| | | | | || (_| |  ) ) ) )
  '  |____| .__|_| |_|_| |_\__, | / / / /
 =========|_|==============|___/=/_/_/_/

 :: Spring Boot ::                (v3.4.3)

2025-04-05T11:06:43.122+08:00  INFO 92472 --- [SupermarketSystem] [           main] c.lzj.SupermarketSystemApplicationTests  : Starting SupermarketSystemApplicationTests using Java 23.0.1 with PID 92472 (started by MR in D:\桌面\学习\项目\SupermarketSystem)
2025-04-05T11:06:43.123+08:00  INFO 92472 --- [SupermarketSystem] [           main] c.lzj.SupermarketSystemApplicationTests  : The following 1 profile is active: "dav"
2025-04-05T11:06:43.771+08:00  INFO 92472 --- [SupermarketSystem] [           main] .s.d.r.c.RepositoryConfigurationDelegate : Bootstrapping Spring Data JDBC repositories in DEFAULT mode.
2025-04-05T11:06:43.793+08:00  INFO 92472 --- [SupermarketSystem] [           main] .s.d.r.c.RepositoryConfigurationDelegate : Finished Spring Data repository scanning in 16 ms. Found 0 JDBC repository interfaces.
Logging initialized using 'class org.apache.ibatis.logging.stdout.StdOutImpl' adapter.
Use localhost address 
Get lzj/10.63.1.214 network interface 
Get network interface info: name:wireless_32768 (RZ608 Wi-Fi 6E 80MHz)
Initialization Sequence datacenterId:14 workerId:19
 _ _   |_  _ _|_. ___ _ |    _ 
| | |\/|_)(_| | |_\  |_)||_|_\ 
     /               |         
                        3.5.6 
2025-04-05T11:06:44.596+08:00  INFO 92472 --- [SupermarketSystem] [           main] r$InitializeUserDetailsManagerConfigurer : Global AuthenticationManager configured with UserDetailsService bean with name userDetailsService
2025-04-05T11:06:44.670+08:00  INFO 92472 --- [SupermarketSystem] [           main] o.s.b.a.w.s.WelcomePageHandlerMapping    : Adding welcome page template: index
2025-04-05T11:06:45.165+08:00  INFO 92472 --- [SupermarketSystem] [           main] com.zaxxer.hikari.HikariDataSource       : HikariPool-1 - Starting...
2025-04-05T11:06:45.482+08:00  INFO 92472 --- [SupermarketSystem] [           main] com.zaxxer.hikari.pool.HikariPool        : HikariPool-1 - Added connection com.mysql.cj.jdbc.ConnectionImpl@57b130f6
2025-04-05T11:06:45.484+08:00  INFO 92472 --- [SupermarketSystem] [           main] com.zaxxer.hikari.HikariDataSource       : HikariPool-1 - Start completed.
2025-04-05T11:06:45.669+08:00  INFO 92472 --- [SupermarketSystem] [           main] c.lzj.SupermarketSystemApplicationTests  : Started SupermarketSystemApplicationTests in 2.827 seconds (process running for 3.688)
Creating a new SqlSession
SqlSession [org.apache.ibatis.session.defaults.DefaultSqlSession@7ce760af] was not registered for synchronization because synchronization is not active
JDBC Connection [HikariProxyConnection@1213461906 wrapping com.mysql.cj.jdbc.ConnectionImpl@57b130f6] will not be managed by Spring
==>  Preparing: SELECT goods_type_id,goods_type_name FROM goodstype
==> Parameters: 
<==    Columns: goods_type_id, goods_type_name
<==        Row: 1, 美味食品
<==        Row: 2, 手机数码
<==        Row: 3, 电脑办公
<==        Row: 4, 游戏娱乐
<==        Row: 5, 音频设备
<==        Row: 6, 优品服饰
<==        Row: 7, 智能穿戴
<==        Row: 8, 生活用品
<==      Total: 8
Closing non transactional SqlSession [org.apache.ibatis.session.defaults.DefaultSqlSession@7ce760af]
[Goodstype(goodsTypeId=1, goodsTypeName=美味食品), Goodstype(goodsTypeId=2, goodsTypeName=手机数码), Goodstype(goodsTypeId=3, goodsTypeName=电脑办公), Goodstype(goodsTypeId=4, goodsTypeName=游戏娱乐), Goodstype(goodsTypeId=5, goodsTypeName=音频设备), Goodstype(goodsTypeId=6, goodsTypeName=优品服饰), Goodstype(goodsTypeId=7, goodsTypeName=智能穿戴), Goodstype(goodsTypeId=8, goodsTypeName=生活用品)]
]]></system-out>
    <system-err><![CDATA[Mockito is currently self-attaching to enable the inline-mock-maker. This will no longer work in future releases of the JDK. Please add Mockito as an agent to your build what is described in Mockito's documentation: https://javadoc.io/doc/org.mockito/mockito-core/latest/org/mockito/Mockito.html#0.3
WARNING: A Java agent has been loaded dynamically (C:\Users\MR\.m2\repository\net\bytebuddy\byte-buddy-agent\1.15.11\byte-buddy-agent-1.15.11.jar)
WARNING: If a serviceability tool is in use, please run with -XX:+EnableDynamicAgentLoading to hide this warning
WARNING: If a serviceability tool is not in use, please run with -Djdk.instrument.traceUsage for more information
WARNING: Dynamic loading of agents will be disallowed by default in a future release
]]></system-err>
  </testcase>
  <testcase name="getGoodsPage" classname="com.lzj.SupermarketSystemApplicationTests" time="0.104">
    <system-out><![CDATA[Creating a new SqlSession
Registering transaction synchronization for SqlSession [org.apache.ibatis.session.defaults.DefaultSqlSession@63e648a0]
JDBC Connection [HikariProxyConnection@1879326995 wrapping com.mysql.cj.jdbc.ConnectionImpl@57b130f6] will be managed by Spring
==>  Preparing: SELECT COUNT(*) AS total FROM goods
==> Parameters: 
<==    Columns: total
<==        Row: 21
<==      Total: 1
==>  Preparing: SELECT goods_id,goods_name,goods_type,price,image_url,description,inventory,datetime,updateTime FROM goods LIMIT ?,?
==> Parameters: 5(Long), 5(Long)
<==    Columns: goods_id, goods_name, goods_type, price, image_url, description, inventory, datetime, updateTime
<==        Row: 4cc55950710a4d05, 纸巾, 8, 15.00, /img/goods/4cc55950710a4d05.png, <<BLOB>>, 500, 2025-04-04 12:47:55, 2025-04-04 12:47:55
<==        Row: 554761f03cf24898, 测试8, 4, 113.00, null, <<BLOB>>, 1412, 2025-04-01 21:43:46, 2025-04-01 21:43:46
<==        Row: 6b373b60a75d4e91, 智能热水壶, 8, 45.00, /img/goods/6b373b60a75d4e91.png, <<BLOB>>, 130, 2025-04-04 12:48:25, 2025-04-04 12:48:25
<==        Row: 6b8a2e2d948e428d, GTB(电子版), 4, 325.60, /img/goods/6b8a2e2d948e428d.png, <<BLOB>>, 33, 2025-03-03 23:16:15, 2025-04-03 23:22:18
<==        Row: 7017080951d84ea7, 办公电脑, 3, 8999.90, null, <<BLOB>>, 33, 2025-04-04 12:42:39, 2025-04-04 12:42:39
<==      Total: 5
Releasing transactional SqlSession [org.apache.ibatis.session.defaults.DefaultSqlSession@63e648a0]
Transaction synchronization committing SqlSession [org.apache.ibatis.session.defaults.DefaultSqlSession@63e648a0]
Transaction synchronization deregistering SqlSession [org.apache.ibatis.session.defaults.DefaultSqlSession@63e648a0]
Transaction synchronization closing SqlSession [org.apache.ibatis.session.defaults.DefaultSqlSession@63e648a0]
Goods(goodsId=4cc55950710a4d05, goodsName=纸巾, goodsType=8, price=15.00, imageUrl=/img/goods/4cc55950710a4d05.png, description=生活纸巾，4层抽纸，450抽大抽, inventory=500, datetime=2025-04-04T12:47:55, updateTime=2025-04-04T12:47:55)
Goods(goodsId=554761f03cf24898, goodsName=测试8, goodsType=4, price=113.00, imageUrl=null, description=测试, inventory=1412, datetime=2025-04-01T21:43:46, updateTime=2025-04-01T21:43:46)
Goods(goodsId=6b373b60a75d4e91, goodsName=智能热水壶, goodsType=8, price=45.00, imageUrl=/img/goods/6b373b60a75d4e91.png, description=智能热水壶, inventory=130, datetime=2025-04-04T12:48:25, updateTime=2025-04-04T12:48:25)
Goods(goodsId=6b8a2e2d948e428d, goodsName=GTB(电子版), goodsType=4, price=325.60, imageUrl=/img/goods/6b8a2e2d948e428d.png, description=国内特供版，限量, inventory=33, datetime=2025-03-03T23:16:15, updateTime=2025-04-03T23:22:18)
Goods(goodsId=7017080951d84ea7, goodsName=办公电脑, goodsType=3, price=8999.90, imageUrl=null, description=办公电脑, inventory=33, datetime=2025-04-04T12:42:39, updateTime=2025-04-04T12:42:39)
]]></system-out>
  </testcase>
</testsuite>